<?xml version="1.0" encoding="UTF-8"?>
<!-- Generated by org.testng.reporters.JUnitReportReporter -->
<testsuite hostname="SL-ENG149-BC7JL" failures="0" tests="2" name="com.sirion.qa.testcases.LoginTest" time="2.773" errors="0" timestamp="2020-06-11T17:57:10 IST" skipped="0">
  <testcase classname="com.sirion.qa.testcases.LoginTest" name="SignInUsingemail" time="2.763"/>
  <system-out/>
  <testcase classname="com.sirion.qa.testcases.LoginTest" name="LoginPageTitle" time="0.010"/>
  <system-out/>
</testsuite> <!-- com.sirion.qa.testcases.LoginTest -->
